<?xml version="1.0" encoding="UTF-8"?>
<!-- Generated by org.testng.reporters.JUnitXMLReporter -->
<testsuite ignored="0" hostname="DAN" failures="0" tests="3" name="Default test" time="19.812" errors="0" timestamp="2023-09-01T20:07:55 IST">
  <testcase classname="org.testcases.OpenCartLoginTC" name="verifyLoginPageFields" time="0.832"/>
  <testcase classname="org.testcases.OpenCartLoginTC" name="loginTestCase" time="1.633"/>
  <testcase classname="org.testcases.SearchProductTestCase" name="searchProductTc" time="1.506"/>
</testsuite> <!-- Default test -->
