<?xml version="1.0" encoding="UTF-8"?>
<!-- Generated by org.testng.reporters.JUnitXMLReporter -->
<testsuite ignored="0" hostname="DAN" failures="0" tests="3" name="Default test" time="34.763" errors="0" timestamp="2023-09-01T18:43:18 IST">
  <testcase classname="org.testcases.OpenCartLoginTC" name="verifyLoginPageFields" time="0.86"/>
  <testcase classname="org.testcases.OpenCartLoginTC" name="loginTestCase" time="1.423"/>
  <testcase classname="org.testcases.SearchProductTestCase" name="searchProductTc" time="1.034"/>
</testsuite> <!-- Default test -->
