<?xml version="1.0" encoding="UTF-8"?>
<testng-results ignored="0" total="3" passed="3" failed="0" skipped="0">
  <reporter-output>
  </reporter-output>
  <suite started-at="2023-09-01T20:07:35 IST" name="Default suite" finished-at="2023-09-01T20:07:55 IST" duration-ms="19812">
    <groups>
    </groups>
    <test started-at="2023-09-01T20:07:35 IST" name="Default test" finished-at="2023-09-01T20:07:55 IST" duration-ms="19812">
      <class name="org.testcases.OpenCartLoginTC">
        <test-method is-config="true" signature="init_Prop()[pri:0, instance:org.testcases.OpenCartLoginTC@7b4c50bc]" started-at="2023-09-01T20:07:22 IST" name="init_Prop" finished-at="2023-09-01T20:07:22 IST" duration-ms="40" status="PASS">
          <reporter-output>
          </reporter-output>
        </test-method> <!-- init_Prop -->
        <test-method is-config="true" signature="initBrowser()[pri:0, instance:org.testcases.OpenCartLoginTC@7b4c50bc]" started-at="2023-09-01T20:07:35 IST" name="initBrowser" finished-at="2023-09-01T20:07:43 IST" duration-ms="7276" status="PASS">
          <reporter-output>
          </reporter-output>
        </test-method> <!-- initBrowser -->
        <test-method signature="verifyLoginPageFields()[pri:0, instance:org.testcases.OpenCartLoginTC@7b4c50bc]" started-at="2023-09-01T20:07:43 IST" name="verifyLoginPageFields" finished-at="2023-09-01T20:07:43 IST" duration-ms="832" status="PASS">
          <reporter-output>
          </reporter-output>
        </test-method> <!-- verifyLoginPageFields -->
        <test-method is-config="true" signature="closeBrowser()[pri:0, instance:org.testcases.OpenCartLoginTC@7b4c50bc]" started-at="2023-09-01T20:07:43 IST" name="closeBrowser" finished-at="2023-09-01T20:07:44 IST" duration-ms="259" status="PASS">
          <reporter-output>
          </reporter-output>
        </test-method> <!-- closeBrowser -->
        <test-method is-config="true" signature="initBrowser()[pri:0, instance:org.testcases.OpenCartLoginTC@7b4c50bc]" started-at="2023-09-01T20:07:44 IST" name="initBrowser" finished-at="2023-09-01T20:07:52 IST" duration-ms="7833" status="PASS">
          <reporter-output>
          </reporter-output>
        </test-method> <!-- initBrowser -->
        <test-method signature="loginTestCase()[pri:1, instance:org.testcases.OpenCartLoginTC@7b4c50bc]" started-at="2023-09-01T20:07:52 IST" name="loginTestCase" finished-at="2023-09-01T20:07:53 IST" duration-ms="1633" status="PASS">
          <reporter-output>
          </reporter-output>
        </test-method> <!-- loginTestCase -->
        <test-method is-config="true" signature="closeBrowser()[pri:0, instance:org.testcases.OpenCartLoginTC@7b4c50bc]" started-at="2023-09-01T20:07:53 IST" name="closeBrowser" finished-at="2023-09-01T20:07:53 IST" duration-ms="121" status="PASS">
          <reporter-output>
          </reporter-output>
        </test-method> <!-- closeBrowser -->
        <test-method is-config="true" signature="tearDown()[pri:0, instance:org.testcases.OpenCartLoginTC@7b4c50bc]" started-at="2023-09-01T20:07:55 IST" name="tearDown" finished-at="2023-09-01T20:07:56 IST" duration-ms="533" status="PASS">
          <reporter-output>
          </reporter-output>
        </test-method> <!-- tearDown -->
      </class> <!-- org.testcases.OpenCartLoginTC -->
      <class name="org.testcases.SearchProductTestCase">
        <test-method is-config="true" signature="init_Prop()[pri:0, instance:org.testcases.SearchProductTestCase@6b09fb41]" started-at="2023-09-01T20:07:22 IST" name="init_Prop" finished-at="2023-09-01T20:07:35 IST" duration-ms="12841" status="PASS">
          <reporter-output>
          </reporter-output>
        </test-method> <!-- init_Prop -->
        <test-method signature="searchProductTc()[pri:2, instance:org.testcases.SearchProductTestCase@6b09fb41]" started-at="2023-09-01T20:07:53 IST" name="searchProductTc" finished-at="2023-09-01T20:07:55 IST" duration-ms="1506" status="PASS">
          <reporter-output>
          </reporter-output>
        </test-method> <!-- searchProductTc -->
        <test-method is-config="true" signature="closeBrowser()[pri:0, instance:org.testcases.SearchProductTestCase@6b09fb41]" started-at="2023-09-01T20:07:55 IST" name="closeBrowser" finished-at="2023-09-01T20:07:55 IST" duration-ms="200" status="PASS">
          <reporter-output>
          </reporter-output>
        </test-method> <!-- closeBrowser -->
        <test-method is-config="true" signature="tearDown()[pri:0, instance:org.testcases.SearchProductTestCase@6b09fb41]" started-at="2023-09-01T20:07:56 IST" name="tearDown" finished-at="2023-09-01T20:07:56 IST" duration-ms="525" status="PASS">
          <reporter-output>
          </reporter-output>
        </test-method> <!-- tearDown -->
      </class> <!-- org.testcases.SearchProductTestCase -->
    </test> <!-- Default test -->
  </suite> <!-- Default suite -->
</testng-results>
